<?xml version="1.0" encoding="UTF-8"?>
<testng-results ignored="0" total="8" passed="8" failed="0" skipped="0">
  <reporter-output>
  </reporter-output>
  <suite started-at="2023-08-21T11:31:32 IST" name="Suite" finished-at="2023-08-21T11:34:43 IST" duration-ms="191104">
    <groups>
      <group name="cucumber">
        <method signature="AbstractTestNGCucumberTests.runScenario(io.cucumber.testng.PickleWrapper,io.cucumber.testng.FeatureWrapper)[pri:0, instance:testrunner.landingPageExcel_testrunner@28f3b248]" name="runScenario" class="io.cucumber.testng.AbstractTestNGCucumberTests"/>
        <method signature="AbstractTestNGCucumberTests.runScenario(io.cucumber.testng.PickleWrapper,io.cucumber.testng.FeatureWrapper)[pri:0, instance:testrunner.landingPage_testrunner2@63a12c68]" name="runScenario" class="io.cucumber.testng.AbstractTestNGCucumberTests"/>
        <method signature="AbstractTestNGCucumberTests.runScenario(io.cucumber.testng.PickleWrapper,io.cucumber.testng.FeatureWrapper)[pri:0, instance:testrunner.landingPage_testrunner@49c7b90e]" name="runScenario" class="io.cucumber.testng.AbstractTestNGCucumberTests"/>
      </group> <!-- cucumber -->
    </groups>
    <test started-at="2023-08-21T11:31:32 IST" name="Test" finished-at="2023-08-21T11:34:43 IST" duration-ms="191104">
      <class name="testrunner.landingPage_testrunner">
        <test-method is-config="true" signature="setUpClass(org.testng.ITestContext)[pri:0, instance:testrunner.landingPage_testrunner@49c7b90e]" started-at="2023-08-21T11:31:32 IST" name="setUpClass" finished-at="2023-08-21T11:31:33 IST" duration-ms="778" status="PASS">
          <params>
            <param index="0">
              <value>
                <![CDATA[org.testng.TestRunner@d949bc4]]>
              </value>
            </param>
          </params>
          <reporter-output>
          </reporter-output>
        </test-method> <!-- setUpClass -->
        <test-method signature="runScenario(io.cucumber.testng.PickleWrapper,io.cucumber.testng.FeatureWrapper)[pri:0, instance:testrunner.landingPage_testrunner@49c7b90e]" started-at="2023-08-21T11:31:33 IST" name="runScenario" description="Runs Cucumber Scenarios" data-provider="scenarios" finished-at="2023-08-21T11:31:54 IST" duration-ms="21632" status="PASS">
          <params>
            <param index="0">
              <value>
                <![CDATA["Validate that user navigates to landing page"]]>
              </value>
            </param>
            <param index="1">
              <value>
                <![CDATA["MagicBricks Landing"]]>
              </value>
            </param>
          </params>
          <reporter-output>
          </reporter-output>
        </test-method> <!-- runScenario -->
        <test-method signature="runScenario(io.cucumber.testng.PickleWrapper,io.cucumber.testng.FeatureWrapper)[pri:0, instance:testrunner.landingPage_testrunner@49c7b90e]" started-at="2023-08-21T11:31:54 IST" name="runScenario" description="Runs Cucumber Scenarios" data-provider="scenarios" finished-at="2023-08-21T11:32:19 IST" duration-ms="25033" status="PASS">
          <params>
            <param index="0">
              <value>
                <![CDATA["Validate Landing page UI"]]>
              </value>
            </param>
            <param index="1">
              <value>
                <![CDATA["MagicBricks Landing"]]>
              </value>
            </param>
          </params>
          <reporter-output>
          </reporter-output>
        </test-method> <!-- runScenario -->
        <test-method signature="runScenario(io.cucumber.testng.PickleWrapper,io.cucumber.testng.FeatureWrapper)[pri:0, instance:testrunner.landingPage_testrunner@49c7b90e]" started-at="2023-08-21T11:32:19 IST" name="runScenario" description="Runs Cucumber Scenarios" data-provider="scenarios" finished-at="2023-08-21T11:32:42 IST" duration-ms="22496" status="PASS">
          <params>
            <param index="0">
              <value>
                <![CDATA["Validate Landing Page  Fields(login button is clickable)"]]>
              </value>
            </param>
            <param index="1">
              <value>
                <![CDATA["MagicBricks Landing"]]>
              </value>
            </param>
          </params>
          <reporter-output>
          </reporter-output>
        </test-method> <!-- runScenario -->
        <test-method is-config="true" signature="tearDownClass()[pri:0, instance:testrunner.landingPage_testrunner@49c7b90e]" started-at="2023-08-21T11:32:42 IST" name="tearDownClass" finished-at="2023-08-21T11:32:42 IST" duration-ms="90" status="PASS">
          <reporter-output>
          </reporter-output>
        </test-method> <!-- tearDownClass -->
      </class> <!-- testrunner.landingPage_testrunner -->
      <class name="testrunner.landingPageExcel_testrunner">
        <test-method is-config="true" signature="setUpClass(org.testng.ITestContext)[pri:0, instance:testrunner.landingPageExcel_testrunner@28f3b248]" started-at="2023-08-21T11:33:24 IST" name="setUpClass" finished-at="2023-08-21T11:33:24 IST" duration-ms="20" status="PASS">
          <params>
            <param index="0">
              <value>
                <![CDATA[org.testng.TestRunner@d949bc4]]>
              </value>
            </param>
          </params>
          <reporter-output>
          </reporter-output>
        </test-method> <!-- setUpClass -->
        <test-method signature="runScenario(io.cucumber.testng.PickleWrapper,io.cucumber.testng.FeatureWrapper)[pri:0, instance:testrunner.landingPageExcel_testrunner@28f3b248]" started-at="2023-08-21T11:33:24 IST" name="runScenario" description="Runs Cucumber Scenarios" data-provider="scenarios" finished-at="2023-08-21T11:34:04 IST" duration-ms="40316" status="PASS">
          <params>
            <param index="0">
              <value>
                <![CDATA["validate User enter number with valid data"]]>
              </value>
            </param>
            <param index="1">
              <value>
                <![CDATA["Landing"]]>
              </value>
            </param>
          </params>
          <reporter-output>
          </reporter-output>
        </test-method> <!-- runScenario -->
        <test-method signature="runScenario(io.cucumber.testng.PickleWrapper,io.cucumber.testng.FeatureWrapper)[pri:0, instance:testrunner.landingPageExcel_testrunner@28f3b248]" started-at="2023-08-21T11:34:04 IST" name="runScenario" description="Runs Cucumber Scenarios" data-provider="scenarios" finished-at="2023-08-21T11:34:43 IST" duration-ms="38666" status="PASS">
          <params>
            <param index="0">
              <value>
                <![CDATA["validate User enter number with valid data"]]>
              </value>
            </param>
            <param index="1">
              <value>
                <![CDATA["Landing"]]>
              </value>
            </param>
          </params>
          <reporter-output>
          </reporter-output>
        </test-method> <!-- runScenario -->
        <test-method is-config="true" signature="tearDownClass()[pri:0, instance:testrunner.landingPageExcel_testrunner@28f3b248]" started-at="2023-08-21T11:34:43 IST" name="tearDownClass" finished-at="2023-08-21T11:34:43 IST" duration-ms="21" status="PASS">
          <reporter-output>
          </reporter-output>
        </test-method> <!-- tearDownClass -->
      </class> <!-- testrunner.landingPageExcel_testrunner -->
      <class name="testrunner.landingPage_testrunner2">
        <test-method is-config="true" signature="setUpClass(org.testng.ITestContext)[pri:0, instance:testrunner.landingPage_testrunner2@63a12c68]" started-at="2023-08-21T11:32:42 IST" name="setUpClass" finished-at="2023-08-21T11:32:42 IST" duration-ms="34" status="PASS">
          <params>
            <param index="0">
              <value>
                <![CDATA[org.testng.TestRunner@d949bc4]]>
              </value>
            </param>
          </params>
          <reporter-output>
          </reporter-output>
        </test-method> <!-- setUpClass -->
        <test-method signature="runScenario(io.cucumber.testng.PickleWrapper,io.cucumber.testng.FeatureWrapper)[pri:0, instance:testrunner.landingPage_testrunner2@63a12c68]" started-at="2023-08-21T11:32:42 IST" name="runScenario" description="Runs Cucumber Scenarios" data-provider="scenarios" finished-at="2023-08-21T11:32:58 IST" duration-ms="16070" status="PASS">
          <params>
            <param index="0">
              <value>
                <![CDATA["validate User enter number with valid data"]]>
              </value>
            </param>
            <param index="1">
              <value>
                <![CDATA["Magicbricks Landing"]]>
              </value>
            </param>
          </params>
          <reporter-output>
          </reporter-output>
        </test-method> <!-- runScenario -->
        <test-method signature="runScenario(io.cucumber.testng.PickleWrapper,io.cucumber.testng.FeatureWrapper)[pri:0, instance:testrunner.landingPage_testrunner2@63a12c68]" started-at="2023-08-21T11:32:58 IST" name="runScenario" description="Runs Cucumber Scenarios" data-provider="scenarios" finished-at="2023-08-21T11:33:13 IST" duration-ms="15010" status="PASS">
          <params>
            <param index="0">
              <value>
                <![CDATA["validate User enter number with valid data"]]>
              </value>
            </param>
            <param index="1">
              <value>
                <![CDATA["Magicbricks Landing"]]>
              </value>
            </param>
          </params>
          <reporter-output>
          </reporter-output>
        </test-method> <!-- runScenario -->
        <test-method signature="runScenario(io.cucumber.testng.PickleWrapper,io.cucumber.testng.FeatureWrapper)[pri:0, instance:testrunner.landingPage_testrunner2@63a12c68]" started-at="2023-08-21T11:33:13 IST" name="runScenario" description="Runs Cucumber Scenarios" data-provider="scenarios" finished-at="2023-08-21T11:33:24 IST" duration-ms="10835" status="PASS">
          <params>
            <param index="0">
              <value>
                <![CDATA["validate user enter  number with invalid data"]]>
              </value>
            </param>
            <param index="1">
              <value>
                <![CDATA["Magicbricks Landing"]]>
              </value>
            </param>
          </params>
          <reporter-output>
          </reporter-output>
        </test-method> <!-- runScenario -->
        <test-method is-config="true" signature="tearDownClass()[pri:0, instance:testrunner.landingPage_testrunner2@63a12c68]" started-at="2023-08-21T11:33:24 IST" name="tearDownClass" finished-at="2023-08-21T11:33:24 IST" duration-ms="44" status="PASS">
          <reporter-output>
          </reporter-output>
        </test-method> <!-- tearDownClass -->
      </class> <!-- testrunner.landingPage_testrunner2 -->
    </test> <!-- Test -->
  </suite> <!-- Suite -->
</testng-results>
