<?xml version="1.0" encoding="UTF-8"?>
<testng-results ignored="0" total="3" passed="3" failed="0" skipped="0">
  <reporter-output>
  </reporter-output>
  <suite started-at="2023-08-10T20:28:54 IST" name="Default suite" finished-at="2023-08-10T20:29:47 IST" duration-ms="52695">
    <groups>
      <group name="cucumber">
        <method signature="AbstractTestNGCucumberTests.runScenario(io.cucumber.testng.PickleWrapper,io.cucumber.testng.FeatureWrapper)[pri:0, instance:testrunner.landingPage_testrunner2@7bba5817]" name="runScenario" class="io.cucumber.testng.AbstractTestNGCucumberTests"/>
      </group> <!-- cucumber -->
    </groups>
    <test started-at="2023-08-10T20:28:54 IST" name="Default test" finished-at="2023-08-10T20:29:47 IST" duration-ms="52695">
      <class name="testrunner.landingPage_testrunner2">
        <test-method is-config="true" signature="setUpClass(org.testng.ITestContext)[pri:0, instance:testrunner.landingPage_testrunner2@7bba5817]" started-at="2023-08-10T20:28:54 IST" name="setUpClass" finished-at="2023-08-10T20:28:55 IST" duration-ms="390" status="PASS">
          <params>
            <param index="0">
              <value>
                <![CDATA[org.testng.TestRunner@5b8853]]>
              </value>
            </param>
          </params>
          <reporter-output>
          </reporter-output>
        </test-method> <!-- setUpClass -->
        <test-method signature="runScenario(io.cucumber.testng.PickleWrapper,io.cucumber.testng.FeatureWrapper)[pri:0, instance:testrunner.landingPage_testrunner2@7bba5817]" started-at="2023-08-10T20:28:55 IST" name="runScenario" description="Runs Cucumber Scenarios" data-provider="scenarios" finished-at="2023-08-10T20:29:22 IST" duration-ms="27329" status="PASS">
          <params>
            <param index="0">
              <value>
                <![CDATA["validate User enter number with valid data"]]>
              </value>
            </param>
            <param index="1">
              <value>
                <![CDATA["Magicbricks Landing"]]>
              </value>
            </param>
          </params>
          <reporter-output>
          </reporter-output>
        </test-method> <!-- runScenario -->
        <test-method signature="runScenario(io.cucumber.testng.PickleWrapper,io.cucumber.testng.FeatureWrapper)[pri:0, instance:testrunner.landingPage_testrunner2@7bba5817]" started-at="2023-08-10T20:29:22 IST" name="runScenario" description="Runs Cucumber Scenarios" data-provider="scenarios" finished-at="2023-08-10T20:29:36 IST" duration-ms="14012" status="PASS">
          <params>
            <param index="0">
              <value>
                <![CDATA["validate User enter number with valid data"]]>
              </value>
            </param>
            <param index="1">
              <value>
                <![CDATA["Magicbricks Landing"]]>
              </value>
            </param>
          </params>
          <reporter-output>
          </reporter-output>
        </test-method> <!-- runScenario -->
        <test-method signature="runScenario(io.cucumber.testng.PickleWrapper,io.cucumber.testng.FeatureWrapper)[pri:0, instance:testrunner.landingPage_testrunner2@7bba5817]" started-at="2023-08-10T20:29:36 IST" name="runScenario" description="Runs Cucumber Scenarios" data-provider="scenarios" finished-at="2023-08-10T20:29:47 IST" duration-ms="10867" status="PASS">
          <params>
            <param index="0">
              <value>
                <![CDATA["validate user enter  number with invalid data"]]>
              </value>
            </param>
            <param index="1">
              <value>
                <![CDATA["Magicbricks Landing"]]>
              </value>
            </param>
          </params>
          <reporter-output>
          </reporter-output>
        </test-method> <!-- runScenario -->
        <test-method is-config="true" signature="tearDownClass()[pri:0, instance:testrunner.landingPage_testrunner2@7bba5817]" started-at="2023-08-10T20:29:47 IST" name="tearDownClass" finished-at="2023-08-10T20:29:47 IST" duration-ms="56" status="PASS">
          <reporter-output>
          </reporter-output>
        </test-method> <!-- tearDownClass -->
      </class> <!-- testrunner.landingPage_testrunner2 -->
    </test> <!-- Default test -->
  </suite> <!-- Default suite -->
</testng-results>
